16:48:23.647 [TestNG-tests-1] INFO  testCases.Tc_001_AccountRegistrationPage_MultpBrowser - ****Starting Tc_002_AccountRegistrationPage****
16:48:46.623 [TestNG-tests-2] INFO  testCases.Tc_001_AccountRegistrationPage_MultpBrowser - ****Starting Tc_002_AccountRegistrationPage****
16:48:53.982 [TestNG-tests-1] INFO  testCases.Tc_001_AccountRegistrationPage_MultpBrowser - Clicked on my account
16:48:54.037 [TestNG-tests-1] INFO  testCases.Tc_001_AccountRegistrationPage_MultpBrowser - Providing user details
16:48:54.387 [TestNG-tests-2] INFO  testCases.Tc_001_AccountRegistrationPage_MultpBrowser - Clicked on my account
16:48:54.389 [TestNG-tests-2] INFO  testCases.Tc_001_AccountRegistrationPage_MultpBrowser - Providing user details
16:49:01.371 [TestNG-tests-3] INFO  testCases.Tc_001_AccountRegistrationPage_MultpBrowser - ****Starting Tc_002_AccountRegistrationPage****
16:49:09.031 [TestNG-tests-2] INFO  testCases.Tc_001_AccountRegistrationPage_MultpBrowser - Clicked on Register
16:49:10.659 [TestNG-tests-1] INFO  testCases.Tc_001_AccountRegistrationPage_MultpBrowser - Clicked on Register
16:49:12.055 [TestNG-tests-2] INFO  testCases.Tc_001_AccountRegistrationPage_MultpBrowser - Validating expected message
16:49:13.710 [TestNG-tests-1] INFO  testCases.Tc_001_AccountRegistrationPage_MultpBrowser - Validating expected message
16:49:15.734 [TestNG-tests-3] INFO  testCases.Tc_001_AccountRegistrationPage_MultpBrowser - Clicked on my account
16:49:15.734 [TestNG-tests-3] INFO  testCases.Tc_001_AccountRegistrationPage_MultpBrowser - Providing user details
16:49:18.959 [TestNG-tests-2] INFO  testCases.Tc_001_AccountRegistrationPage_MultpBrowser - ****Finish Tc_002_AccountRegistrationPage****
16:49:22.330 [TestNG-tests-1] INFO  testCases.Tc_001_AccountRegistrationPage_MultpBrowser - ****Finish Tc_002_AccountRegistrationPage****
16:49:22.606 [TestNG-tests-3] INFO  testCases.Tc_001_AccountRegistrationPage_MultpBrowser - Clicked on Register
16:49:25.620 [TestNG-tests-3] INFO  testCases.Tc_001_AccountRegistrationPage_MultpBrowser - Validating expected message
16:49:28.330 [TestNG-tests-3] INFO  testCases.Tc_001_AccountRegistrationPage_MultpBrowser - ****Finish Tc_002_AccountRegistrationPage****
16:51:34.415 [main] INFO  testCases.Tc_001_AccountRegistrationPage_MultpBrowser - ****Starting Tc_002_AccountRegistrationPage****
16:51:37.726 [main] INFO  testCases.Tc_001_AccountRegistrationPage_MultpBrowser - Clicked on my account
16:51:37.730 [main] INFO  testCases.Tc_001_AccountRegistrationPage_MultpBrowser - Providing user details
16:51:44.178 [main] INFO  testCases.Tc_001_AccountRegistrationPage_MultpBrowser - Clicked on Register
16:51:47.187 [main] INFO  testCases.Tc_001_AccountRegistrationPage_MultpBrowser - Validating expected message
16:51:47.858 [main] INFO  testCases.Tc_001_AccountRegistrationPage_MultpBrowser - ****Finish Tc_002_AccountRegistrationPage****
16:52:01.353 [main] INFO  testCases.Tc_001_AccountRegistrationPage_MultpBrowser - ****Starting Tc_002_AccountRegistrationPage****
16:52:04.121 [main] INFO  testCases.Tc_001_AccountRegistrationPage_MultpBrowser - Clicked on my account
16:52:04.121 [main] INFO  testCases.Tc_001_AccountRegistrationPage_MultpBrowser - Providing user details
16:52:10.208 [main] INFO  testCases.Tc_001_AccountRegistrationPage_MultpBrowser - Clicked on Register
16:52:13.222 [main] INFO  testCases.Tc_001_AccountRegistrationPage_MultpBrowser - Validating expected message
16:52:15.058 [main] INFO  testCases.Tc_001_AccountRegistrationPage_MultpBrowser - ****Finish Tc_002_AccountRegistrationPage****
16:52:24.053 [main] INFO  testCases.Tc_001_AccountRegistrationPage_MultpBrowser - ****Starting Tc_002_AccountRegistrationPage****
16:52:26.979 [main] INFO  testCases.Tc_001_AccountRegistrationPage_MultpBrowser - Clicked on my account
16:52:26.980 [main] INFO  testCases.Tc_001_AccountRegistrationPage_MultpBrowser - Providing user details
16:52:33.216 [main] INFO  testCases.Tc_001_AccountRegistrationPage_MultpBrowser - Clicked on Register
16:52:36.224 [main] INFO  testCases.Tc_001_AccountRegistrationPage_MultpBrowser - Validating expected message
16:52:38.724 [main] INFO  testCases.Tc_001_AccountRegistrationPage_MultpBrowser - ****Finish Tc_002_AccountRegistrationPage****
16:53:37.790 [TestNG-tests-1] INFO  testCases.Tc_001_AccountRegistrationPage_MultpBrowser - ****Starting Tc_002_AccountRegistrationPage****
16:53:49.082 [TestNG-tests-3] INFO  testCases.Tc_001_AccountRegistrationPage_MultpBrowser - ****Starting Tc_002_AccountRegistrationPage****
16:53:56.411 [TestNG-tests-1] INFO  testCases.Tc_001_AccountRegistrationPage_MultpBrowser - Clicked on my account
16:53:56.417 [TestNG-tests-1] INFO  testCases.Tc_001_AccountRegistrationPage_MultpBrowser - Providing user details
16:54:00.105 [TestNG-tests-3] INFO  testCases.Tc_001_AccountRegistrationPage_MultpBrowser - Clicked on my account
16:54:00.105 [TestNG-tests-3] INFO  testCases.Tc_001_AccountRegistrationPage_MultpBrowser - Providing user details
